[09/11/17, 11:32:18:701] info: ╔════════════════════════════════════════════════════════════════════════════╗
[09/11/17, 11:32:18:703] info: ║      Slack 2.7.1, linux 4.9.48-1-lts on x64 at 09/11/17, 11:32:18:696      ║
[09/11/17, 11:32:18:703] info: ╚════════════════════════════════════════════════════════════════════════════╝
[09/11/17, 11:32:19:186] info: TranslationLookup: locale set to en-US for renderer
[09/11/17, 11:32:19:222] info: WebViewLifeCycle: Creating subscribable lifecycle object
{ objectId: 'login', assignedId: 1 }
[09/11/17, 11:32:19:223] info: WebView LifeCycle: New webview component created for login:1', with state 'unloaded'
[09/11/17, 11:32:19:225] info: Store: SET_NETWORK_STATUS online
[09/11/17, 11:32:19:261] info: Checking network connection to Slack...
[09/11/17, 11:32:19:264] info: Store: APP_STARTED
{ updated: { events: { eventId: 1 } } }
[09/11/17, 11:32:20:345] info: Store: SAVE_WINDOW_SETTINGS
{ updated: { windowFrame: { windowSettings: [Object] } } }
[09/11/17, 11:32:20:884] info: WebViewLifeCycle: State changed
{ id: 'login',
  componentId: 1,
  newState: 'page-loaded',
  data: null }
[09/11/17, 11:32:20:885] info: Store: page-loaded
[09/11/17, 11:34:50:253] info: WebView: Received redirect request from https://slack.com/signin to https://phys2232-fall2017.slack.com/.
[09/11/17, 11:34:50:256] info: WebViewLifeCycle: State changed
{ id: 'login',
  componentId: 1,
  newState: 'page-redirect',
  data: null }
[09/11/17, 11:34:51:322] info: WebViewLifeCycle: State changed
{ id: 'login',
  componentId: 1,
  newState: 'page-loaded',
  data: null }
[09/11/17, 11:34:51:323] info: Store: page-loaded
[09/11/17, 11:35:01:321] info: WebViewLifeCycle: State changed
{ id: 'login',
  componentId: 1,
  newState: 'page-loaded',
  data: null }
[09/11/17, 11:35:01:322] info: Store: page-loaded
[09/11/17, 11:35:11:988] info: WebViewLifeCycle: State changed
{ id: 'login',
  componentId: 1,
  newState: 'page-loaded',
  data: null }
[09/11/17, 11:35:11:989] info: Store: page-loaded
[09/11/17, 11:35:25:273] info: WebViewLifeCycle: State changed
{ id: 'login',
  componentId: 1,
  newState: 'page-loaded',
  data: null }
[09/11/17, 11:35:25:275] info: Store: page-loaded
[09/11/17, 11:36:44:407] info: WebView: Received redirect request from https://phys2232-fall2017.slack.com/ to https://slack.com/checkcookie?redir=https%3A%2F%2Fphys2232-fall2017.slack.com%2Fsignin%3Fssb_success%3D1%26ssb_relogin%3D.
[09/11/17, 11:36:44:409] info: WebViewLifeCycle: State changed
{ id: 'login',
  componentId: 1,
  newState: 'page-redirect',
  data: null }
[09/11/17, 11:36:44:498] info: WebView: Received redirect request from https://slack.com/checkcookie?redir=https%3A%2F%2Fphys2232-fall2017.slack.com%2Fsignin%3Fssb_success%3D1%26ssb_relogin%3D to https://phys2232-fall2017.slack.com/signin?ssb_success=1&ssb_relogin=.
[09/11/17, 11:36:44:501] info: WebViewLifeCycle: State changed
{ id: 'login',
  componentId: 1,
  newState: 'page-redirect',
  data: null }
[09/11/17, 11:36:45:101] info: Store: ADD_NEW_TEAM
{ updated: 
   { appTeams: 
      { selectedTeamId: 'T6S4SN5R8',
        teamsByIndex: [Object],
        teamsToSignOut: [] },
     events: { refreshTeam: [Object] },
     teams: { T6S4SN5R8: [Object] } },
  deleted: 
   { events: 
      { '1': true,
        '2': true,
        '3': true,
        '4': true,
        '5': true,
        '6': true,
        '7': true,
        '8': true,
        '9': true,
        '10': true,
        '11': true,
        refreshTeam: [Object] } } }
[09/11/17, 11:36:45:103] info: WebViewLifeCycle: State changed
{ id: 'login',
  componentId: 1,
  newState: 'component-disposed',
  data: null }
[09/11/17, 11:36:45:104] info: WebViewLifeCycle: Removing lifecycle object from storage
{ componentId: 1, id: 'login' }
[09/11/17, 11:36:45:117] info: WebViewLifeCycle: Creating subscribable lifecycle object
{ objectId: 'T6S4SN5R8', assignedId: 2 }
[09/11/17, 11:36:45:118] info: WebView LifeCycle: New webview component created for T6S4SN5R8:2', with state 'unloaded'
[09/11/17, 11:36:45:188] warn: Base Component: Attempting to update LoginView when unmounted.
[09/11/17, 11:36:45:190] warn: Base Component: Attempting to update FullScreenModal when unmounted.
[09/11/17, 11:36:45:192] warn: Base Component: Attempting to update WebViewLifeCycleComponent when unmounted.
[09/11/17, 11:36:47:752] info: TeamView: Bugsnag user: U6U3U8B1A
[09/11/17, 11:36:47:765] info: WebViewLifeCycle: State changed
{ id: 'T6S4SN5R8',
  componentId: 2,
  newState: 'page-loaded',
  data: null }
[09/11/17, 11:36:47:769] info: Store: page-loaded
[09/11/17, 11:36:47:943] info: Store: SELECT_CHANNEL
{ updated: { appTeams: { selectedChannelId: 'C6S6K6SSY' } } }
[09/11/17, 11:36:47:948] info: Store: UPDATE_TEAM_LOCALE
{ updated: { teams: { T6S4SN5R8: [Object] } } }
[09/11/17, 11:36:47:990] info: Store: UPDATE_TEAM_THEME
{ updated: { teams: { T6S4SN5R8: [Object] } } }
[09/11/17, 11:36:48:521] info: Store: UPDATE_TEAM_ICONS
{ updated: { teams: { T6S4SN5R8: [Object] } } }
[09/11/17, 11:36:48:855] info: Webapp finished loading
[09/11/17, 11:36:48:856] info: WebViewLifeCycle: State changed
{ id: 'T6S4SN5R8',
  componentId: 2,
  newState: 'webapp-loaded',
  data: null }
[09/11/17, 11:36:48:857] info: Store: webapp-loaded
[09/11/17, 11:36:49:190] info: Store: [7] Store an API token for a team
{ updated: { tokens: { T6S4SN5R8: [Object] } } }
[09/11/17, 11:37:06:465] info: Store: SELECT_CHANNEL
{ updated: { appTeams: { selectedChannelId: 'C6S4TG5UJ' } } }
[09/11/17, 11:37:24:291] info: Store: SAVE_WINDOW_SETTINGS
{ updated: { windowFrame: { windowSettings: [Object] } } }
[09/11/17, 11:37:29:815] info: Store: SAVE_WINDOW_SETTINGS
{ updated: { windowFrame: { windowSettings: [Object] } } }
[09/11/17, 11:37:34:962] info: Store: SAVE_WINDOW_SETTINGS
{ updated: { windowFrame: { windowSettings: [Object] } } }
[09/11/17, 11:37:37:834] info: Store: SAVE_WINDOW_SETTINGS
{ updated: { windowFrame: { windowSettings: [Object] } } }
[09/11/17, 11:37:41:361] info: Store: SAVE_WINDOW_SETTINGS
{ updated: { windowFrame: { windowSettings: [Object] } } }
[09/11/17, 11:38:07:489] info: Store: SHOW_WEBAPP_DIALOG
{ updated: { events: { showWebappDialog: [Object] } } }
[09/11/17, 11:39:16:992] info: Store: UPDATE_SETTINGS
{ updated: { settings: { PrefSSBFileDownloadPath: '/home/namo/MEGA/Documents (GT)/PHYS 2232' } } }
[09/11/17, 11:40:18:370] info: Store: [2] Start a download
{ updated: { downloads: { T6S4SN5R8: [Object] } } }
[09/11/17, 11:40:18:380] info: Store: [3] Update an existing download
{ updated: { downloads: { T6S4SN5R8: [Object] } } }
[09/11/17, 11:40:18:561] info: Store: [3] Update an existing download
{ updated: { downloads: { T6S4SN5R8: [Object] } } }
[09/11/17, 11:40:18:567] info: Store: [3] Update an existing download
{ updated: { downloads: { T6S4SN5R8: [Object] } } }
[09/11/17, 11:40:18:653] info: Store: [3] Update an existing download
{ updated: { downloads: { T6S4SN5R8: [Object] } } }
[09/11/17, 11:40:18:822] info: Store: [3] Update an existing download
{ updated: { downloads: { T6S4SN5R8: [Object] } } }
[09/11/17, 11:40:31:664] info: Store: [2] Start a download
{ updated: { downloads: { T6S4SN5R8: [Object] } } }
[09/11/17, 11:40:31:667] info: Store: [3] Update an existing download
{ updated: { downloads: { T6S4SN5R8: [Object] } } }
[09/11/17, 11:40:31:893] info: Store: [3] Update an existing download
{ updated: { downloads: { T6S4SN5R8: [Object] } } }
[09/11/17, 11:40:31:896] info: Store: [3] Update an existing download
{ updated: { downloads: { T6S4SN5R8: [Object] } } }
[09/11/17, 11:40:31:978] info: Store: [3] Update an existing download
{ updated: { downloads: { T6S4SN5R8: [Object] } } }
[09/11/17, 11:40:32:101] info: Store: [3] Update an existing download
{ updated: { downloads: { T6S4SN5R8: [Object] } } }
[09/11/17, 11:40:41:818] info: Store: UPDATE_SETTINGS
{ updated: { settings: { hasRunFromTray: true } } }
[09/11/17, 11:40:41:830] info: Store: SHOW_TRAY_BALLOON
{ updated: { dialog: { lastBalloon: [Object] } } }
[09/11/17, 11:40:44:356] info: Store: FOREGROUND_APP
{ updated: { events: { foregroundApp: [Object] } } }
[09/11/17, 11:40:45:372] info: Store: SAVE_WINDOW_SETTINGS
{ updated: { windowFrame: { windowSettings: [Object] } } }
[09/11/17, 11:48:19:959] info: Store: FOREGROUND_APP
{ updated: { events: { foregroundApp: [Object] } } }
[09/11/17, 11:48:20:969] info: Store: SAVE_WINDOW_SETTINGS
{ updated: { windowFrame: { windowSettings: [Object] } } }
[09/11/17, 11:48:36:236] info: Store: SELECT_CHANNEL
{ updated: { appTeams: { selectedChannelId: 'C6S4TEQ6N' } } }
[09/11/17, 11:48:44:538] info: Store: SELECT_CHANNEL
{ updated: { appTeams: { selectedChannelId: 'C6S6K70GL' } } }
[09/11/17, 11:48:49:809] info: Store: SELECT_CHANNEL
{ updated: { appTeams: { selectedChannelId: 'C6S6K6SSY' } } }
[09/11/17, 11:48:58:301] info: Store: SELECT_CHANNEL
{ updated: { appTeams: { selectedChannelId: 'C6S4TG5UJ' } } }
[09/11/17, 11:50:26:703] info: Store: SELECT_CHANNEL
{ updated: { appTeams: { selectedChannelId: 'C6S6K6SSY' } } }
[09/11/17, 12:10:38:175] info: Store: FOREGROUND_APP
{ updated: { events: { foregroundApp: [Object] } } }
[09/11/17, 12:12:25:532] info: Store: FOREGROUND_APP
{ updated: { events: { foregroundApp: [Object] } } }
[09/11/17, 12:12:25:534] info: Store: FOREGROUND_APP
{ updated: { events: { foregroundApp: [Object] } } }
[09/11/17, 12:12:25:537] info: Store: FOREGROUND_APP
{ updated: { events: { foregroundApp: [Object] } } }
[09/11/17, 12:12:40:571] info: Store: SELECT_CHANNEL
{ updated: { appTeams: { selectedChannelId: 'C6S4TEQ6N' } } }
[09/11/17, 12:13:05:878] info: Store: SELECT_CHANNEL
{ updated: { appTeams: { selectedChannelId: 'C6S4TG5UJ' } } }
