info: ╔════════════════════════════════════════════════════════════════════════════╗
info: ║      Slack 2.7.1, linux 4.9.48-1-lts on x64 at 09/11/17, 11:36:45:111      ║
info: ╚════════════════════════════════════════════════════════════════════════════╝
error: Calls failed to load, bailing
warn: 2017/9/11 11:36:47.661  team T6S4SN5R8 not in local model
info: 2017/9/11 11:36:48.712  C6S6K6SSY HAS MORE
info: 2017/9/11 11:36:49.365  Finished processing users.counts
info: 2017/9/11 11:36:49.366  0 IMs with unreads, 0 total dm_count
info: 9/11 11:37:06.441
error: 2017/9/11 11:38:26.258 logging e: [object Object] subtype: api_call_error desc: api call "users.emailtoken.get" not ok
warn: 2017/9/11 11:38:26.259  args/data logging skipped, run with ?log_api_failures=1 to enable full logging
warn: 2017/9/11 11:39:49.571  Trying to rebuild message file, but cannot rebuild hosted
info: Warning: Setting up fake worker.
warn: The provided value 'moz-chunked-arraybuffer' is not a valid enum value of type XMLHttpRequestResponseType.
info: 9/11 11:48:36.209
info: 9/11 11:48:44.513
info: 2017/9/11 11:48:44.637  Not loading scrollback in C6S6K70GL: We have the oldest msg: 1503426107.000380. is_limited:undefined
info: 9/11 11:48:49.784
info: 2017/9/11 11:48:49.867  Not loading scrollback in C6S6K6SSY: We have the oldest msg: 1503426106.000130. is_limited:undefined
info: 9/11 11:48:58.294
info: 9/11 11:50:26.674
info: 2017/9/11 11:50:26.797  Not loading scrollback in C6S6K6SSY: We have the oldest msg: 1503426106.000130. is_limited:undefined
info: 9/11 12:12:40.547
info: 9/11 12:13:05.852
warn: 2017/9/11 12:13:17.750  Trying to rebuild message file, but cannot rebuild hosted
info: Warning: Setting up fake worker.
warn: The provided value 'moz-chunked-arraybuffer' is not a valid enum value of type XMLHttpRequestResponseType.
info: Warning: Setting up fake worker.
warn: The provided value 'moz-chunked-arraybuffer' is not a valid enum value of type XMLHttpRequestResponseType.
