[09/11/17, 11:36:45:675] info: ╔════════════════════════════════════════════════════════════════════════════╗
[09/11/17, 11:36:45:676] info: ║      Slack 2.7.1, linux 4.9.48-1-lts on x64 at 09/11/17, 11:36:45:669      ║
[09/11/17, 11:36:45:677] info: ╚════════════════════════════════════════════════════════════════════════════╝
[09/11/17, 11:36:45:916] info: updateSuspendResume: true
[09/11/17, 11:36:45:917] warn: updateSpellcheckerLanguage: Tried to update language, but spellchecker not initialized
[09/11/17, 11:36:47:940] info: Store: SELECT_CHANNEL C6S6K6SSY
[09/11/17, 11:36:47:945] info: Store: UPDATE_TEAM_LOCALE
{ locale: 'en-US', teamId: 'T6S4SN5R8' }
[09/11/17, 11:36:47:949] info: Store: UPDATE_TEAM_THEME
{ theme: 
   { column_bg: '#4D394B',
     menu_bg: '#3E313C',
     active_item: '#4C9689',
     active_item_text: '#FFFFFF',
     hover_item: '#3E313C',
     text_color: '#FFFFFF',
     active_presence: '#38978D',
     badge: '#EB4D5C' },
  teamId: 'T6S4SN5R8' }
[09/11/17, 11:36:48:518] info: Store: UPDATE_TEAM_ICONS
{ icons: false, teamId: 'T6S4SN5R8' }
[09/11/17, 11:36:48:749] info: Store: UPDATE_TEAM_LOCALE
{ locale: 'en-US', teamId: 'T6S4SN5R8' }
[09/11/17, 11:36:49:597] info: Raw Locale list: ["C","en_US.utf8","POSIX",""]
[09/11/17, 11:36:49:598] info: Filtered Locale list: ["en_US"]
[09/11/17, 11:36:49:599] info: Counts: {"en":["en_US"]}
[09/11/17, 11:36:49:599] info: Setting en
[09/11/17, 11:36:49:601] info: Result: {"en":"en-US"}
[09/11/17, 11:36:49:604] info: Requesting to load en-US, alternatives are ["en-US","en-US","en-US"]
[09/11/17, 11:36:49:605] info: Loading dictionary for language en-US
[09/11/17, 11:36:49:606] info: Actually downloading https://redirector.gvt1.com/edgedl/chrome/dict/en-us-7-1.bdic
[09/11/17, 11:36:49:773] info: Requesting to load en-US, alternatives are ["en-US","en-US","en-US"]
[09/11/17, 11:36:49:774] info: Loading dictionary for language en-US
[09/11/17, 11:36:49:774] info: Actually downloading https://redirector.gvt1.com/edgedl/chrome/dict/en-us-7-1.bdic
[09/11/17, 11:36:50:102] info: Setting current spellchecker to en-US, requested language was en-US
[09/11/17, 11:36:50:103] info: Creating node-spellchecker instance
[09/11/17, 11:36:50:105] info: Actually installing spell check provider to Electron
[09/11/17, 11:36:50:184] info: Setting current spellchecker to en-US, requested language was en-US
[09/11/17, 11:37:06:453] info: Store: SELECT_CHANNEL C6S4TG5UJ
[09/11/17, 11:37:07:015] info: Loading dictionary for language en-US
[09/11/17, 11:37:07:016] info: Returning local copy: /home/namo/.config/Slack/dictionaries/en-US.bdic
[09/11/17, 11:37:07:019] info: Setting current spellchecker to en-US, requested language was en-US
[09/11/17, 11:37:34:625] info: Unloading spellchecker
[09/11/17, 11:37:35:196] info: Restoring spellchecker
[09/11/17, 11:37:35:199] info: Loading dictionary for language en-US
[09/11/17, 11:37:35:201] info: Returning local copy: /home/namo/.config/Slack/dictionaries/en-US.bdic
[09/11/17, 11:37:35:208] info: Setting current spellchecker to en-US, requested language was en-US
[09/11/17, 11:37:35:210] info: Creating node-spellchecker instance
[09/11/17, 11:37:38:566] info: Unloading spellchecker
[09/11/17, 11:37:39:339] info: Restoring spellchecker
[09/11/17, 11:37:39:345] info: Loading dictionary for language en-US
[09/11/17, 11:37:39:350] info: Returning local copy: /home/namo/.config/Slack/dictionaries/en-US.bdic
[09/11/17, 11:37:39:362] info: Setting current spellchecker to en-US, requested language was en-US
[09/11/17, 11:37:39:363] info: Creating node-spellchecker instance
[09/11/17, 11:37:57:793] info: Unloading spellchecker
[09/11/17, 11:37:57:918] info: Restoring spellchecker
[09/11/17, 11:37:57:924] info: Loading dictionary for language en-US
[09/11/17, 11:37:57:928] info: Returning local copy: /home/namo/.config/Slack/dictionaries/en-US.bdic
[09/11/17, 11:37:57:945] info: Setting current spellchecker to en-US, requested language was en-US
[09/11/17, 11:37:57:947] info: Creating node-spellchecker instance
[09/11/17, 11:37:59:385] info: Unloading spellchecker
[09/11/17, 11:37:59:669] info: Restoring spellchecker
[09/11/17, 11:37:59:673] info: Loading dictionary for language en-US
[09/11/17, 11:37:59:676] info: Returning local copy: /home/namo/.config/Slack/dictionaries/en-US.bdic
[09/11/17, 11:37:59:687] info: Setting current spellchecker to en-US, requested language was en-US
[09/11/17, 11:37:59:690] info: Creating node-spellchecker instance
[09/11/17, 11:38:03:080] info: Unloading spellchecker
[09/11/17, 11:38:03:464] info: Restoring spellchecker
[09/11/17, 11:38:03:468] info: Loading dictionary for language en-US
[09/11/17, 11:38:03:471] info: Returning local copy: /home/namo/.config/Slack/dictionaries/en-US.bdic
[09/11/17, 11:38:03:484] info: Setting current spellchecker to en-US, requested language was en-US
[09/11/17, 11:38:03:486] info: Creating node-spellchecker instance
[09/11/17, 11:38:47:796] info: Unloading spellchecker
[09/11/17, 11:38:53:200] info: Restoring spellchecker
[09/11/17, 11:38:53:202] info: Loading dictionary for language en-US
[09/11/17, 11:38:53:203] info: Returning local copy: /home/namo/.config/Slack/dictionaries/en-US.bdic
[09/11/17, 11:38:53:207] info: Setting current spellchecker to en-US, requested language was en-US
[09/11/17, 11:38:53:208] info: Creating node-spellchecker instance
[09/11/17, 11:38:53:967] info: Unloading spellchecker
[09/11/17, 11:39:04:807] info: Restoring spellchecker
[09/11/17, 11:39:04:808] info: Loading dictionary for language en-US
[09/11/17, 11:39:04:809] info: Returning local copy: /home/namo/.config/Slack/dictionaries/en-US.bdic
[09/11/17, 11:39:04:812] info: Setting current spellchecker to en-US, requested language was en-US
[09/11/17, 11:39:04:813] info: Creating node-spellchecker instance
[09/11/17, 11:39:04:894] info: Unloading spellchecker
[09/11/17, 11:39:05:125] info: Restoring spellchecker
[09/11/17, 11:39:05:131] info: Loading dictionary for language en-US
[09/11/17, 11:39:05:134] info: Returning local copy: /home/namo/.config/Slack/dictionaries/en-US.bdic
[09/11/17, 11:39:05:150] info: Setting current spellchecker to en-US, requested language was en-US
[09/11/17, 11:39:05:151] info: Creating node-spellchecker instance
[09/11/17, 11:39:05:194] info: Unloading spellchecker
[09/11/17, 11:39:16:980] info: Store: UPDATE_SETTINGS
{ PrefSSBFileDownloadPath: '/home/namo/MEGA/Documents (GT)/PHYS 2232' }
[09/11/17, 11:39:17:003] info: Restoring spellchecker
[09/11/17, 11:39:17:004] info: Loading dictionary for language en-US
[09/11/17, 11:39:17:005] info: Returning local copy: /home/namo/.config/Slack/dictionaries/en-US.bdic
[09/11/17, 11:39:17:009] info: Setting current spellchecker to en-US, requested language was en-US
[09/11/17, 11:39:17:011] info: Creating node-spellchecker instance
[09/11/17, 11:39:17:046] info: Unloading spellchecker
[09/11/17, 11:39:17:053] info: Restoring spellchecker
[09/11/17, 11:39:17:056] info: Loading dictionary for language en-US
[09/11/17, 11:39:17:058] info: Returning local copy: /home/namo/.config/Slack/dictionaries/en-US.bdic
[09/11/17, 11:39:17:066] info: Setting current spellchecker to en-US, requested language was en-US
[09/11/17, 11:39:17:067] info: Creating node-spellchecker instance
[09/11/17, 11:39:24:158] info: Unloading spellchecker
[09/11/17, 11:39:24:339] info: Restoring spellchecker
[09/11/17, 11:39:24:343] info: Loading dictionary for language en-US
[09/11/17, 11:39:24:347] info: Returning local copy: /home/namo/.config/Slack/dictionaries/en-US.bdic
[09/11/17, 11:39:24:369] info: Setting current spellchecker to en-US, requested language was en-US
[09/11/17, 11:39:24:370] info: Creating node-spellchecker instance
[09/11/17, 11:39:24:942] info: Unloading spellchecker
[09/11/17, 11:39:25:048] info: Restoring spellchecker
[09/11/17, 11:39:25:056] info: Loading dictionary for language en-US
[09/11/17, 11:39:25:060] info: Returning local copy: /home/namo/.config/Slack/dictionaries/en-US.bdic
[09/11/17, 11:39:25:081] info: Setting current spellchecker to en-US, requested language was en-US
[09/11/17, 11:39:25:082] info: Creating node-spellchecker instance
[09/11/17, 11:39:33:376] info: Unloading spellchecker
[09/11/17, 11:39:33:444] info: Restoring spellchecker
[09/11/17, 11:39:33:445] info: Loading dictionary for language en-US
[09/11/17, 11:39:33:446] info: Returning local copy: /home/namo/.config/Slack/dictionaries/en-US.bdic
[09/11/17, 11:39:33:457] info: Setting current spellchecker to en-US, requested language was en-US
[09/11/17, 11:39:33:457] info: Creating node-spellchecker instance
[09/11/17, 11:39:49:681] info: Unloading spellchecker
[09/11/17, 11:40:18:274] info: Restoring spellchecker
[09/11/17, 11:40:18:278] info: Loading dictionary for language en-US
[09/11/17, 11:40:18:279] info: Returning local copy: /home/namo/.config/Slack/dictionaries/en-US.bdic
[09/11/17, 11:40:18:286] info: Setting current spellchecker to en-US, requested language was en-US
[09/11/17, 11:40:18:287] info: Creating node-spellchecker instance
[09/11/17, 11:40:18:352] info: Store: [2] Start a download
[09/11/17, 11:40:31:661] info: Store: [2] Start a download
[09/11/17, 11:40:41:888] info: Unloading spellchecker
[09/11/17, 11:40:44:373] info: Restoring spellchecker
[09/11/17, 11:40:44:375] info: Loading dictionary for language en-US
[09/11/17, 11:40:44:376] info: Returning local copy: /home/namo/.config/Slack/dictionaries/en-US.bdic
[09/11/17, 11:40:44:482] info: Setting current spellchecker to en-US, requested language was en-US
[09/11/17, 11:40:44:483] info: Creating node-spellchecker instance
[09/11/17, 11:40:47:906] info: Unloading spellchecker
[09/11/17, 11:40:48:028] info: Restoring spellchecker
[09/11/17, 11:40:48:029] info: Loading dictionary for language en-US
[09/11/17, 11:40:48:029] info: Returning local copy: /home/namo/.config/Slack/dictionaries/en-US.bdic
[09/11/17, 11:40:48:046] info: Setting current spellchecker to en-US, requested language was en-US
[09/11/17, 11:40:48:047] info: Creating node-spellchecker instance
[09/11/17, 11:40:49:769] info: Unloading spellchecker
[09/11/17, 11:48:20:059] info: Restoring spellchecker
[09/11/17, 11:48:20:060] info: Loading dictionary for language en-US
[09/11/17, 11:48:20:060] info: Returning local copy: /home/namo/.config/Slack/dictionaries/en-US.bdic
[09/11/17, 11:48:20:086] info: Setting current spellchecker to en-US, requested language was en-US
[09/11/17, 11:48:20:087] info: Creating node-spellchecker instance
[09/11/17, 11:48:36:232] info: Store: SELECT_CHANNEL C6S4TEQ6N
[09/11/17, 11:48:38:541] info: Loading dictionary for language en-US
[09/11/17, 11:48:38:541] info: Returning local copy: /home/namo/.config/Slack/dictionaries/en-US.bdic
[09/11/17, 11:48:38:543] info: Setting current spellchecker to en-US, requested language was en-US
[09/11/17, 11:48:44:529] info: Store: SELECT_CHANNEL C6S6K70GL
[09/11/17, 11:48:49:801] info: Store: SELECT_CHANNEL C6S6K6SSY
[09/11/17, 11:48:50:172] info: Loading dictionary for language en-US
[09/11/17, 11:48:50:172] info: Returning local copy: /home/namo/.config/Slack/dictionaries/en-US.bdic
[09/11/17, 11:48:50:174] info: Setting current spellchecker to en-US, requested language was en-US
[09/11/17, 11:48:50:532] info: Couldn't get hint text from messages in channel: Failed to fetch recent messages
[09/11/17, 11:48:58:298] info: Store: SELECT_CHANNEL C6S4TG5UJ
[09/11/17, 11:48:58:810] info: Loading dictionary for language en-US
[09/11/17, 11:48:58:810] info: Returning local copy: /home/namo/.config/Slack/dictionaries/en-US.bdic
[09/11/17, 11:48:58:812] info: Setting current spellchecker to en-US, requested language was en-US
[09/11/17, 11:49:31:229] info: Unloading spellchecker
[09/11/17, 11:49:58:899] info: Restoring spellchecker
[09/11/17, 11:49:58:901] info: Loading dictionary for language en-US
[09/11/17, 11:49:58:902] info: Returning local copy: /home/namo/.config/Slack/dictionaries/en-US.bdic
[09/11/17, 11:49:58:928] info: Setting current spellchecker to en-US, requested language was en-US
[09/11/17, 11:49:58:929] info: Creating node-spellchecker instance
[09/11/17, 11:50:26:689] info: Store: SELECT_CHANNEL C6S6K6SSY
[09/11/17, 11:50:27:157] info: Loading dictionary for language en-US
[09/11/17, 11:50:27:158] info: Returning local copy: /home/namo/.config/Slack/dictionaries/en-US.bdic
[09/11/17, 11:50:27:160] info: Setting current spellchecker to en-US, requested language was en-US
[09/11/17, 11:50:52:875] info: Unloading spellchecker
[09/11/17, 11:51:22:280] info: Restoring spellchecker
[09/11/17, 11:51:22:283] info: Loading dictionary for language en-US
[09/11/17, 11:51:22:284] info: Returning local copy: /home/namo/.config/Slack/dictionaries/en-US.bdic
[09/11/17, 11:51:22:298] info: Setting current spellchecker to en-US, requested language was en-US
[09/11/17, 11:51:22:299] info: Creating node-spellchecker instance
[09/11/17, 11:51:33:756] info: Unloading spellchecker
[09/11/17, 12:12:25:510] info: Restoring spellchecker
[09/11/17, 12:12:25:511] info: Loading dictionary for language en-US
[09/11/17, 12:12:25:512] info: Returning local copy: /home/namo/.config/Slack/dictionaries/en-US.bdic
[09/11/17, 12:12:25:527] info: Setting current spellchecker to en-US, requested language was en-US
[09/11/17, 12:12:25:528] info: Creating node-spellchecker instance
[09/11/17, 12:12:40:559] info: Store: SELECT_CHANNEL C6S4TEQ6N
[09/11/17, 12:12:41:039] info: Loading dictionary for language en-US
[09/11/17, 12:12:41:040] info: Returning local copy: /home/namo/.config/Slack/dictionaries/en-US.bdic
[09/11/17, 12:12:41:042] info: Setting current spellchecker to en-US, requested language was en-US
[09/11/17, 12:13:05:868] info: Store: SELECT_CHANNEL C6S4TG5UJ
[09/11/17, 12:13:06:357] info: Loading dictionary for language en-US
[09/11/17, 12:13:06:358] info: Returning local copy: /home/namo/.config/Slack/dictionaries/en-US.bdic
[09/11/17, 12:13:06:360] info: Setting current spellchecker to en-US, requested language was en-US
[09/11/17, 12:13:17:903] info: Unloading spellchecker
[09/11/17, 12:13:58:497] info: Restoring spellchecker
[09/11/17, 12:13:58:502] info: Loading dictionary for language en-US
[09/11/17, 12:13:58:503] info: Returning local copy: /home/namo/.config/Slack/dictionaries/en-US.bdic
[09/11/17, 12:13:58:545] info: Setting current spellchecker to en-US, requested language was en-US
[09/11/17, 12:13:58:547] info: Creating node-spellchecker instance
[09/11/17, 12:14:10:741] info: Unloading spellchecker
[09/11/17, 12:14:36:391] info: Unloading spellchecker
