[09/11/17, 11:32:20:087] info: ╔════════════════════════════════════════════════════════════════════════════╗
[09/11/17, 11:32:20:088] info: ║      Slack 2.7.1, linux 4.9.48-1-lts on x64 at 09/11/17, 11:32:20:080      ║
[09/11/17, 11:32:20:089] info: ╚════════════════════════════════════════════════════════════════════════════╝
[09/11/17, 11:34:50:206] info: Window is unloading, winssb is no longer accessible
[09/11/17, 11:34:50:257] info: Window is unloading, winssb is no longer accessible
[09/11/17, 11:34:50:702] info: ╔════════════════════════════════════════════════════════════════════════════╗
[09/11/17, 11:34:50:704] info: ║      Slack 2.7.1, linux 4.9.48-1-lts on x64 at 09/11/17, 11:34:50:696      ║
[09/11/17, 11:34:50:704] info: ╚════════════════════════════════════════════════════════════════════════════╝
[09/11/17, 11:35:00:463] info: Window is unloading, winssb is no longer accessible
[09/11/17, 11:35:00:919] info: ╔════════════════════════════════════════════════════════════════════════════╗
[09/11/17, 11:35:00:920] info: ║      Slack 2.7.1, linux 4.9.48-1-lts on x64 at 09/11/17, 11:35:00:914      ║
[09/11/17, 11:35:00:921] info: ╚════════════════════════════════════════════════════════════════════════════╝
[09/11/17, 11:35:11:528] info: Window is unloading, winssb is no longer accessible
[09/11/17, 11:35:11:794] info: ╔════════════════════════════════════════════════════════════════════════════╗
[09/11/17, 11:35:11:794] info: ║      Slack 2.7.1, linux 4.9.48-1-lts on x64 at 09/11/17, 11:35:11:792      ║
[09/11/17, 11:35:11:795] info: ╚════════════════════════════════════════════════════════════════════════════╝
[09/11/17, 11:35:23:866] info: Window is unloading, winssb is no longer accessible
[09/11/17, 11:35:24:833] info: ╔════════════════════════════════════════════════════════════════════════════╗
[09/11/17, 11:35:24:834] info: ║      Slack 2.7.1, linux 4.9.48-1-lts on x64 at 09/11/17, 11:35:24:830      ║
[09/11/17, 11:35:24:834] info: ╚════════════════════════════════════════════════════════════════════════════╝
[09/11/17, 11:36:43:755] info: Window is unloading, winssb is no longer accessible
[09/11/17, 11:36:44:410] info: Window is unloading, winssb is no longer accessible
[09/11/17, 11:36:44:827] info: ╔════════════════════════════════════════════════════════════════════════════╗
[09/11/17, 11:36:44:828] info: ║      Slack 2.7.1, linux 4.9.48-1-lts on x64 at 09/11/17, 11:36:44:821      ║
[09/11/17, 11:36:44:829] info: ╚════════════════════════════════════════════════════════════════════════════╝
[09/11/17, 11:36:45:091] info: Store: ADD_NEW_TEAM
{ id: 'U6U3U8B1A',
  name: '[REDACTED]',
  team_id: 'T6S4SN5R8',
  team_name: '[REDACTED]',
  team_url: '[REDACTED]' }
[09/11/17, 11:36:45:094] info: Store: SET_LOGIN_DIALOG
